/System/Library/Frameworks/Ruby.framework/Versions/2.0/usr/bin/ruby extconf.rb 
creating Makefile

make "DESTDIR=" clean

make "DESTDIR="
compiling posix-spawn.c
In file included from posix-spawn.c:14:
In file included from /System/Library/Frameworks/Ruby.framework/Versions/2.0/usr/include/ruby-2.0.0/ruby.h:33:
In file included from /System/Library/Frameworks/Ruby.framework/Versions/2.0/usr/include/ruby-2.0.0/ruby/ruby.h:24:
/System/Library/Frameworks/Ruby.framework/Versions/2.0/usr/include/ruby-2.0.0/universal-darwin13/ruby/config.h:17:9: warning: '_GNU_SOURCE' macro redefined
#define _GNU_SOURCE 1
        ^
posix-spawn.c:3:9: note: previous definition is here
#define _GNU_SOURCE
        ^
1 warning generated.
In file included from posix-spawn.c:14:
In file included from /System/Library/Frameworks/Ruby.framework/Versions/2.0/usr/include/ruby-2.0.0/ruby.h:33:
In file included from /System/Library/Frameworks/Ruby.framework/Versions/2.0/usr/include/ruby-2.0.0/ruby/ruby.h:24:
/System/Library/Frameworks/Ruby.framework/Versions/2.0/usr/include/ruby-2.0.0/universal-darwin13/ruby/config.h:17:9: warning: '_GNU_SOURCE' macro redefined
#define _GNU_SOURCE 1
        ^
posix-spawn.c:3:9: note: previous definition is here
#define _GNU_SOURCE
        ^
1 warning generated.
linking shared-object posix_spawn_ext.bundle

make "DESTDIR=" install
/usr/bin/install -c -m 0755 posix_spawn_ext.bundle ./.gem.20140808-2879-1toweyu
installing default posix_spawn_ext libraries
